<?xml version="1.0" encoding="UTF-8"?>
<!-- Generated by org.testng.reporters.JUnitReportReporter -->
<testsuite skipped="0" hostname="ProBook-445-G7" name="net.phptravels.LoginTest" tests="1" failures="0" timestamp="2022-08-06T09:45:24 IST" time="4.448" errors="0">
  <testcase name="testLoginSuccess" time="4.448" classname="net.phptravels.LoginTest"/>
  <system-out/>
</testsuite> <!-- net.phptravels.LoginTest -->
